2024-04-23 10:03:33,179 [Worker-4: Loading available Gradle versions] INFO  o.e.b.c.i.u.g.PublishedGradleVersions - Gradle version information cache is out-of-date. Trying to update.
2024-04-23 13:21:41,250 [Worker-2: Loading available Gradle versions] INFO  o.e.b.c.i.u.g.PublishedGradleVersions - Gradle version information cache is up-to-date. Trying to read.
2024-04-23 13:51:28,912 [ModalContext] INFO  o.e.m.c.i.e.AbstractTransferListenerAdapter - Downloading https://repo.maven.apache.org/maven2/org/apache/maven/archetypes/maven-archetype-quickstart/1.1/maven-archetype-quickstart-1.1.pom
2024-04-23 13:51:28,928 [ModalContext] INFO  o.e.m.c.i.e.AbstractTransferListenerAdapter - Downloaded https://repo.maven.apache.org/maven2/org/apache/maven/archetypes/maven-archetype-quickstart/1.1/maven-archetype-quickstart-1.1.pom
2024-04-23 13:51:28,958 [ModalContext] INFO  o.e.m.c.i.e.AbstractTransferListenerAdapter - Downloading https://repo.maven.apache.org/maven2/org/apache/maven/archetypes/maven-archetype-bundles/4/maven-archetype-bundles-4.pom
2024-04-23 13:51:28,961 [ModalContext] INFO  o.e.m.c.i.e.AbstractTransferListenerAdapter - Downloaded https://repo.maven.apache.org/maven2/org/apache/maven/archetypes/maven-archetype-bundles/4/maven-archetype-bundles-4.pom
2024-04-23 13:51:28,971 [ModalContext] INFO  o.e.m.c.i.e.AbstractTransferListenerAdapter - Downloading https://repo.maven.apache.org/maven2/org/apache/maven/archetype/maven-archetype/2.0-alpha-5/maven-archetype-2.0-alpha-5.pom
2024-04-23 13:51:28,977 [ModalContext] INFO  o.e.m.c.i.e.AbstractTransferListenerAdapter - Downloaded https://repo.maven.apache.org/maven2/org/apache/maven/archetype/maven-archetype/2.0-alpha-5/maven-archetype-2.0-alpha-5.pom
2024-04-23 13:51:29,021 [ModalContext] INFO  o.e.m.c.i.e.AbstractTransferListenerAdapter - Downloading https://repo.maven.apache.org/maven2/org/apache/maven/archetypes/maven-archetype-quickstart/1.1/maven-archetype-quickstart-1.1.jar
2024-04-23 13:51:29,026 [ModalContext] INFO  o.e.m.c.i.e.AbstractTransferListenerAdapter - Downloaded https://repo.maven.apache.org/maven2/org/apache/maven/archetypes/maven-archetype-quickstart/1.1/maven-archetype-quickstart-1.1.jar
2024-04-23 13:51:55,370 [Worker-11: Launching mavenrun-b8fcbc5f-85c5-4fa2-86d5-cf33a9fa257d] INFO  o.eclipse.m2e.core.internal.Bundles - getClasspathEntries(Bundle=org.eclipse.m2e.maven.runtime_3.9.600.20231203-1234 [354])
2024-04-23 13:51:55,371 [Worker-11: Launching mavenrun-b8fcbc5f-85c5-4fa2-86d5-cf33a9fa257d] INFO  o.eclipse.m2e.core.internal.Bundles - 	Entry: C:\Users\teliti\Downloads\sts-4.22.0.RELEASE\plugins\org.eclipse.m2e.maven.runtime_3.9.600.20231203-1234
2024-04-23 13:51:55,372 [Worker-11: Launching mavenrun-b8fcbc5f-85c5-4fa2-86d5-cf33a9fa257d] INFO  o.eclipse.m2e.core.internal.Bundles - 	Entry: C:\Users\teliti\Downloads\sts-4.22.0.RELEASE\plugins\org.eclipse.m2e.maven.runtime_3.9.600.20231203-1234\jars\aopalliance-1.0.jar
2024-04-23 13:51:55,372 [Worker-11: Launching mavenrun-b8fcbc5f-85c5-4fa2-86d5-cf33a9fa257d] INFO  o.eclipse.m2e.core.internal.Bundles - 	Entry: C:\Users\teliti\Downloads\sts-4.22.0.RELEASE\plugins\org.eclipse.m2e.maven.runtime_3.9.600.20231203-1234\jars\guice-5.1.0.jar
2024-04-23 13:51:55,372 [Worker-11: Launching mavenrun-b8fcbc5f-85c5-4fa2-86d5-cf33a9fa257d] INFO  o.eclipse.m2e.core.internal.Bundles - 	Entry: C:\Users\teliti\Downloads\sts-4.22.0.RELEASE\plugins\org.eclipse.m2e.maven.runtime_3.9.600.20231203-1234\jars\httpclient-4.5.14.jar
2024-04-23 13:51:55,372 [Worker-11: Launching mavenrun-b8fcbc5f-85c5-4fa2-86d5-cf33a9fa257d] INFO  o.eclipse.m2e.core.internal.Bundles - 	Entry: C:\Users\teliti\Downloads\sts-4.22.0.RELEASE\plugins\org.eclipse.m2e.maven.runtime_3.9.600.20231203-1234\jars\httpcore-4.4.16.jar
2024-04-23 13:51:55,372 [Worker-11: Launching mavenrun-b8fcbc5f-85c5-4fa2-86d5-cf33a9fa257d] INFO  o.eclipse.m2e.core.internal.Bundles - 	Entry: C:\Users\teliti\Downloads\sts-4.22.0.RELEASE\plugins\org.eclipse.m2e.maven.runtime_3.9.600.20231203-1234\jars\jansi-2.4.0.jar
2024-04-23 13:51:55,372 [Worker-11: Launching mavenrun-b8fcbc5f-85c5-4fa2-86d5-cf33a9fa257d] INFO  o.eclipse.m2e.core.internal.Bundles - 	Entry: C:\Users\teliti\Downloads\sts-4.22.0.RELEASE\plugins\org.eclipse.m2e.maven.runtime_3.9.600.20231203-1234\jars\jcl-over-slf4j-1.7.36.jar
2024-04-23 13:51:55,372 [Worker-11: Launching mavenrun-b8fcbc5f-85c5-4fa2-86d5-cf33a9fa257d] INFO  o.eclipse.m2e.core.internal.Bundles - 	Entry: C:\Users\teliti\Downloads\sts-4.22.0.RELEASE\plugins\org.eclipse.m2e.maven.runtime_3.9.600.20231203-1234\jars\maven-artifact-3.9.6.jar
2024-04-23 13:51:55,372 [Worker-11: Launching mavenrun-b8fcbc5f-85c5-4fa2-86d5-cf33a9fa257d] INFO  o.eclipse.m2e.core.internal.Bundles - 	Entry: C:\Users\teliti\Downloads\sts-4.22.0.RELEASE\plugins\org.eclipse.m2e.maven.runtime_3.9.600.20231203-1234\jars\maven-builder-support-3.9.6.jar
2024-04-23 13:51:55,372 [Worker-11: Launching mavenrun-b8fcbc5f-85c5-4fa2-86d5-cf33a9fa257d] INFO  o.eclipse.m2e.core.internal.Bundles - 	Entry: C:\Users\teliti\Downloads\sts-4.22.0.RELEASE\plugins\org.eclipse.m2e.maven.runtime_3.9.600.20231203-1234\jars\maven-compat-3.9.6.jar
2024-04-23 13:51:55,372 [Worker-11: Launching mavenrun-b8fcbc5f-85c5-4fa2-86d5-cf33a9fa257d] INFO  o.eclipse.m2e.core.internal.Bundles - 	Entry: C:\Users\teliti\Downloads\sts-4.22.0.RELEASE\plugins\org.eclipse.m2e.maven.runtime_3.9.600.20231203-1234\jars\maven-core-3.9.6.jar
2024-04-23 13:51:55,372 [Worker-11: Launching mavenrun-b8fcbc5f-85c5-4fa2-86d5-cf33a9fa257d] INFO  o.eclipse.m2e.core.internal.Bundles - 	Entry: C:\Users\teliti\Downloads\sts-4.22.0.RELEASE\plugins\org.eclipse.m2e.maven.runtime_3.9.600.20231203-1234\jars\maven-embedder-3.9.6.jar
2024-04-23 13:51:55,373 [Worker-11: Launching mavenrun-b8fcbc5f-85c5-4fa2-86d5-cf33a9fa257d] INFO  o.eclipse.m2e.core.internal.Bundles - 	Entry: C:\Users\teliti\Downloads\sts-4.22.0.RELEASE\plugins\org.eclipse.m2e.maven.runtime_3.9.600.20231203-1234\jars\maven-model-3.9.6.jar
2024-04-23 13:51:55,373 [Worker-11: Launching mavenrun-b8fcbc5f-85c5-4fa2-86d5-cf33a9fa257d] INFO  o.eclipse.m2e.core.internal.Bundles - 	Entry: C:\Users\teliti\Downloads\sts-4.22.0.RELEASE\plugins\org.eclipse.m2e.maven.runtime_3.9.600.20231203-1234\jars\maven-model-builder-3.9.6.jar
2024-04-23 13:51:55,373 [Worker-11: Launching mavenrun-b8fcbc5f-85c5-4fa2-86d5-cf33a9fa257d] INFO  o.eclipse.m2e.core.internal.Bundles - 	Entry: C:\Users\teliti\Downloads\sts-4.22.0.RELEASE\plugins\org.eclipse.m2e.maven.runtime_3.9.600.20231203-1234\jars\maven-plugin-api-3.9.6.jar
2024-04-23 13:51:55,373 [Worker-11: Launching mavenrun-b8fcbc5f-85c5-4fa2-86d5-cf33a9fa257d] INFO  o.eclipse.m2e.core.internal.Bundles - 	Entry: C:\Users\teliti\Downloads\sts-4.22.0.RELEASE\plugins\org.eclipse.m2e.maven.runtime_3.9.600.20231203-1234\jars\maven-repository-metadata-3.9.6.jar
2024-04-23 13:51:55,373 [Worker-11: Launching mavenrun-b8fcbc5f-85c5-4fa2-86d5-cf33a9fa257d] INFO  o.eclipse.m2e.core.internal.Bundles - 	Entry: C:\Users\teliti\Downloads\sts-4.22.0.RELEASE\plugins\org.eclipse.m2e.maven.runtime_3.9.600.20231203-1234\jars\maven-resolver-api-1.9.18.jar
2024-04-23 13:51:55,373 [Worker-11: Launching mavenrun-b8fcbc5f-85c5-4fa2-86d5-cf33a9fa257d] INFO  o.eclipse.m2e.core.internal.Bundles - 	Entry: C:\Users\teliti\Downloads\sts-4.22.0.RELEASE\plugins\org.eclipse.m2e.maven.runtime_3.9.600.20231203-1234\jars\maven-resolver-connector-basic-1.9.18.jar
2024-04-23 13:51:55,373 [Worker-11: Launching mavenrun-b8fcbc5f-85c5-4fa2-86d5-cf33a9fa257d] INFO  o.eclipse.m2e.core.internal.Bundles - 	Entry: C:\Users\teliti\Downloads\sts-4.22.0.RELEASE\plugins\org.eclipse.m2e.maven.runtime_3.9.600.20231203-1234\jars\maven-resolver-impl-1.9.18.jar
2024-04-23 13:51:55,373 [Worker-11: Launching mavenrun-b8fcbc5f-85c5-4fa2-86d5-cf33a9fa257d] INFO  o.eclipse.m2e.core.internal.Bundles - 	Entry: C:\Users\teliti\Downloads\sts-4.22.0.RELEASE\plugins\org.eclipse.m2e.maven.runtime_3.9.600.20231203-1234\jars\maven-resolver-named-locks-1.9.18.jar
2024-04-23 13:51:55,373 [Worker-11: Launching mavenrun-b8fcbc5f-85c5-4fa2-86d5-cf33a9fa257d] INFO  o.eclipse.m2e.core.internal.Bundles - 	Entry: C:\Users\teliti\Downloads\sts-4.22.0.RELEASE\plugins\org.eclipse.m2e.maven.runtime_3.9.600.20231203-1234\jars\maven-resolver-provider-3.9.6.jar
2024-04-23 13:51:55,373 [Worker-11: Launching mavenrun-b8fcbc5f-85c5-4fa2-86d5-cf33a9fa257d] INFO  o.eclipse.m2e.core.internal.Bundles - 	Entry: C:\Users\teliti\Downloads\sts-4.22.0.RELEASE\plugins\org.eclipse.m2e.maven.runtime_3.9.600.20231203-1234\jars\maven-resolver-spi-1.9.18.jar
2024-04-23 13:51:55,373 [Worker-11: Launching mavenrun-b8fcbc5f-85c5-4fa2-86d5-cf33a9fa257d] INFO  o.eclipse.m2e.core.internal.Bundles - 	Entry: C:\Users\teliti\Downloads\sts-4.22.0.RELEASE\plugins\org.eclipse.m2e.maven.runtime_3.9.600.20231203-1234\jars\maven-resolver-transport-file-1.9.18.jar
2024-04-23 13:51:55,374 [Worker-11: Launching mavenrun-b8fcbc5f-85c5-4fa2-86d5-cf33a9fa257d] INFO  o.eclipse.m2e.core.internal.Bundles - 	Entry: C:\Users\teliti\Downloads\sts-4.22.0.RELEASE\plugins\org.eclipse.m2e.maven.runtime_3.9.600.20231203-1234\jars\maven-resolver-transport-http-1.9.18.jar
2024-04-23 13:51:55,374 [Worker-11: Launching mavenrun-b8fcbc5f-85c5-4fa2-86d5-cf33a9fa257d] INFO  o.eclipse.m2e.core.internal.Bundles - 	Entry: C:\Users\teliti\Downloads\sts-4.22.0.RELEASE\plugins\org.eclipse.m2e.maven.runtime_3.9.600.20231203-1234\jars\maven-resolver-transport-wagon-1.9.18.jar
2024-04-23 13:51:55,374 [Worker-11: Launching mavenrun-b8fcbc5f-85c5-4fa2-86d5-cf33a9fa257d] INFO  o.eclipse.m2e.core.internal.Bundles - 	Entry: C:\Users\teliti\Downloads\sts-4.22.0.RELEASE\plugins\org.eclipse.m2e.maven.runtime_3.9.600.20231203-1234\jars\maven-resolver-util-1.9.18.jar
2024-04-23 13:51:55,374 [Worker-11: Launching mavenrun-b8fcbc5f-85c5-4fa2-86d5-cf33a9fa257d] INFO  o.eclipse.m2e.core.internal.Bundles - 	Entry: C:\Users\teliti\Downloads\sts-4.22.0.RELEASE\plugins\org.eclipse.m2e.maven.runtime_3.9.600.20231203-1234\jars\maven-settings-3.9.6.jar
2024-04-23 13:51:55,374 [Worker-11: Launching mavenrun-b8fcbc5f-85c5-4fa2-86d5-cf33a9fa257d] INFO  o.eclipse.m2e.core.internal.Bundles - 	Entry: C:\Users\teliti\Downloads\sts-4.22.0.RELEASE\plugins\org.eclipse.m2e.maven.runtime_3.9.600.20231203-1234\jars\maven-settings-builder-3.9.6.jar
2024-04-23 13:51:55,374 [Worker-11: Launching mavenrun-b8fcbc5f-85c5-4fa2-86d5-cf33a9fa257d] INFO  o.eclipse.m2e.core.internal.Bundles - 	Entry: C:\Users\teliti\Downloads\sts-4.22.0.RELEASE\plugins\org.eclipse.m2e.maven.runtime_3.9.600.20231203-1234\jars\maven-shared-utils-3.3.4.jar
2024-04-23 13:51:55,374 [Worker-11: Launching mavenrun-b8fcbc5f-85c5-4fa2-86d5-cf33a9fa257d] INFO  o.eclipse.m2e.core.internal.Bundles - 	Entry: C:\Users\teliti\Downloads\sts-4.22.0.RELEASE\plugins\org.eclipse.m2e.maven.runtime_3.9.600.20231203-1234\jars\org.eclipse.sisu.inject-0.9.0.M2.jar
2024-04-23 13:51:55,374 [Worker-11: Launching mavenrun-b8fcbc5f-85c5-4fa2-86d5-cf33a9fa257d] INFO  o.eclipse.m2e.core.internal.Bundles - 	Entry: C:\Users\teliti\Downloads\sts-4.22.0.RELEASE\plugins\org.eclipse.m2e.maven.runtime_3.9.600.20231203-1234\jars\org.eclipse.sisu.plexus-0.9.0.M2.jar
2024-04-23 13:51:55,375 [Worker-11: Launching mavenrun-b8fcbc5f-85c5-4fa2-86d5-cf33a9fa257d] INFO  o.eclipse.m2e.core.internal.Bundles - 	Entry: C:\Users\teliti\Downloads\sts-4.22.0.RELEASE\plugins\org.eclipse.m2e.maven.runtime_3.9.600.20231203-1234\jars\plexus-build-api-0.0.7.jar
2024-04-23 13:51:55,375 [Worker-11: Launching mavenrun-b8fcbc5f-85c5-4fa2-86d5-cf33a9fa257d] INFO  o.eclipse.m2e.core.internal.Bundles - 	Entry: C:\Users\teliti\Downloads\sts-4.22.0.RELEASE\plugins\org.eclipse.m2e.maven.runtime_3.9.600.20231203-1234\jars\plexus-cipher-2.0.jar
2024-04-23 13:51:55,375 [Worker-11: Launching mavenrun-b8fcbc5f-85c5-4fa2-86d5-cf33a9fa257d] INFO  o.eclipse.m2e.core.internal.Bundles - 	Entry: C:\Users\teliti\Downloads\sts-4.22.0.RELEASE\plugins\org.eclipse.m2e.maven.runtime_3.9.600.20231203-1234\jars\plexus-classworlds-2.7.0.jar
2024-04-23 13:51:55,375 [Worker-11: Launching mavenrun-b8fcbc5f-85c5-4fa2-86d5-cf33a9fa257d] INFO  o.eclipse.m2e.core.internal.Bundles - 	Entry: C:\Users\teliti\Downloads\sts-4.22.0.RELEASE\plugins\org.eclipse.m2e.maven.runtime_3.9.600.20231203-1234\jars\plexus-component-annotations-2.1.0.jar
2024-04-23 13:51:55,375 [Worker-11: Launching mavenrun-b8fcbc5f-85c5-4fa2-86d5-cf33a9fa257d] INFO  o.eclipse.m2e.core.internal.Bundles - 	Entry: C:\Users\teliti\Downloads\sts-4.22.0.RELEASE\plugins\org.eclipse.m2e.maven.runtime_3.9.600.20231203-1234\jars\plexus-interpolation-1.26.jar
2024-04-23 13:51:55,375 [Worker-11: Launching mavenrun-b8fcbc5f-85c5-4fa2-86d5-cf33a9fa257d] INFO  o.eclipse.m2e.core.internal.Bundles - 	Entry: C:\Users\teliti\Downloads\sts-4.22.0.RELEASE\plugins\org.eclipse.m2e.maven.runtime_3.9.600.20231203-1234\jars\plexus-sec-dispatcher-2.0.jar
2024-04-23 13:51:55,375 [Worker-11: Launching mavenrun-b8fcbc5f-85c5-4fa2-86d5-cf33a9fa257d] INFO  o.eclipse.m2e.core.internal.Bundles - 	Entry: C:\Users\teliti\Downloads\sts-4.22.0.RELEASE\plugins\org.eclipse.m2e.maven.runtime_3.9.600.20231203-1234\jars\plexus-utils-3.5.1.jar
2024-04-23 13:51:55,375 [Worker-11: Launching mavenrun-b8fcbc5f-85c5-4fa2-86d5-cf33a9fa257d] INFO  o.eclipse.m2e.core.internal.Bundles - 	Entry: C:\Users\teliti\Downloads\sts-4.22.0.RELEASE\plugins\org.eclipse.m2e.maven.runtime_3.9.600.20231203-1234\jars\wagon-file-3.5.3.jar
2024-04-23 13:51:55,375 [Worker-11: Launching mavenrun-b8fcbc5f-85c5-4fa2-86d5-cf33a9fa257d] INFO  o.eclipse.m2e.core.internal.Bundles - 	Entry: C:\Users\teliti\Downloads\sts-4.22.0.RELEASE\plugins\org.eclipse.m2e.maven.runtime_3.9.600.20231203-1234\jars\wagon-http-3.5.3.jar
2024-04-23 13:51:55,376 [Worker-11: Launching mavenrun-b8fcbc5f-85c5-4fa2-86d5-cf33a9fa257d] INFO  o.eclipse.m2e.core.internal.Bundles - 	Entry: C:\Users\teliti\Downloads\sts-4.22.0.RELEASE\plugins\org.eclipse.m2e.maven.runtime_3.9.600.20231203-1234\jars\wagon-http-shared-3.5.3.jar
2024-04-23 13:51:55,376 [Worker-11: Launching mavenrun-b8fcbc5f-85c5-4fa2-86d5-cf33a9fa257d] INFO  o.eclipse.m2e.core.internal.Bundles - 	Entry: C:\Users\teliti\Downloads\sts-4.22.0.RELEASE\plugins\org.eclipse.m2e.maven.runtime_3.9.600.20231203-1234\jars\wagon-provider-api-3.5.3.jar
2024-04-23 13:51:55,377 [Worker-11: Launching mavenrun-b8fcbc5f-85c5-4fa2-86d5-cf33a9fa257d] INFO  o.eclipse.m2e.core.internal.Bundles - getClasspathEntries(Bundle=com.google.guava_33.0.0.jre [27])
2024-04-23 13:51:55,377 [Worker-11: Launching mavenrun-b8fcbc5f-85c5-4fa2-86d5-cf33a9fa257d] INFO  o.eclipse.m2e.core.internal.Bundles - 	Entry: C:\Users\teliti\Downloads\sts-4.22.0.RELEASE\plugins\com.google.guava_33.0.0.jre.jar
2024-04-23 13:51:55,378 [Worker-11: Launching mavenrun-b8fcbc5f-85c5-4fa2-86d5-cf33a9fa257d] INFO  o.eclipse.m2e.core.internal.Bundles - getClasspathEntries(Bundle=slf4j.api_2.0.12 [583])
2024-04-23 13:51:55,378 [Worker-11: Launching mavenrun-b8fcbc5f-85c5-4fa2-86d5-cf33a9fa257d] INFO  o.eclipse.m2e.core.internal.Bundles - 	Entry: C:\Users\teliti\Downloads\sts-4.22.0.RELEASE\plugins\slf4j.api_2.0.12.jar
2024-04-23 13:51:55,378 [Worker-11: Launching mavenrun-b8fcbc5f-85c5-4fa2-86d5-cf33a9fa257d] INFO  o.eclipse.m2e.core.internal.Bundles - getClasspathEntries(Bundle=jakarta.inject.jakarta.inject-api_1.0.5 [44])
2024-04-23 13:51:55,378 [Worker-11: Launching mavenrun-b8fcbc5f-85c5-4fa2-86d5-cf33a9fa257d] INFO  o.eclipse.m2e.core.internal.Bundles - 	Entry: C:\Users\teliti\Downloads\sts-4.22.0.RELEASE\plugins\jakarta.inject.jakarta.inject-api_1.0.5.jar
2024-04-23 13:51:55,378 [Worker-11: Launching mavenrun-b8fcbc5f-85c5-4fa2-86d5-cf33a9fa257d] INFO  o.eclipse.m2e.core.internal.Bundles - getClasspathEntries(Bundle=jakarta.annotation-api_1.3.5 [40])
2024-04-23 13:51:55,378 [Worker-11: Launching mavenrun-b8fcbc5f-85c5-4fa2-86d5-cf33a9fa257d] INFO  o.eclipse.m2e.core.internal.Bundles - 	Entry: C:\Users\teliti\Downloads\sts-4.22.0.RELEASE\plugins\jakarta.annotation-api_1.3.5.jar
2024-04-23 13:51:55,378 [Worker-11: Launching mavenrun-b8fcbc5f-85c5-4fa2-86d5-cf33a9fa257d] INFO  o.eclipse.m2e.core.internal.Bundles - getClasspathEntries(Bundle=org.apache.commons.cli_1.6.0 [75])
2024-04-23 13:51:55,379 [Worker-11: Launching mavenrun-b8fcbc5f-85c5-4fa2-86d5-cf33a9fa257d] INFO  o.eclipse.m2e.core.internal.Bundles - 	Entry: C:\Users\teliti\Downloads\sts-4.22.0.RELEASE\plugins\org.apache.commons.cli_1.6.0.jar
2024-04-23 13:51:55,379 [Worker-11: Launching mavenrun-b8fcbc5f-85c5-4fa2-86d5-cf33a9fa257d] INFO  o.eclipse.m2e.core.internal.Bundles - getClasspathEntries(Bundle=org.apache.commons.commons-codec_1.16.0 [77])
2024-04-23 13:51:55,379 [Worker-11: Launching mavenrun-b8fcbc5f-85c5-4fa2-86d5-cf33a9fa257d] INFO  o.eclipse.m2e.core.internal.Bundles - 	Entry: C:\Users\teliti\Downloads\sts-4.22.0.RELEASE\plugins\org.apache.commons.commons-codec_1.16.0.jar
2024-04-23 13:51:55,379 [Worker-11: Launching mavenrun-b8fcbc5f-85c5-4fa2-86d5-cf33a9fa257d] INFO  o.eclipse.m2e.core.internal.Bundles - getClasspathEntries(Bundle=org.apache.commons.lang3_3.14.0 [81])
2024-04-23 13:51:55,379 [Worker-11: Launching mavenrun-b8fcbc5f-85c5-4fa2-86d5-cf33a9fa257d] INFO  o.eclipse.m2e.core.internal.Bundles - 	Entry: C:\Users\teliti\Downloads\sts-4.22.0.RELEASE\plugins\org.apache.commons.lang3_3.14.0.jar
2024-04-23 13:51:55,379 [Worker-11: Launching mavenrun-b8fcbc5f-85c5-4fa2-86d5-cf33a9fa257d] INFO  o.eclipse.m2e.core.internal.Bundles - getClasspathEntries(Bundle=com.google.guava.failureaccess_1.0.2 [29])
2024-04-23 13:51:55,380 [Worker-11: Launching mavenrun-b8fcbc5f-85c5-4fa2-86d5-cf33a9fa257d] INFO  o.eclipse.m2e.core.internal.Bundles - 	Entry: C:\Users\teliti\Downloads\sts-4.22.0.RELEASE\plugins\com.google.guava.failureaccess_1.0.2.jar
2024-04-23 13:51:55,383 [Worker-11: Launching mavenrun-b8fcbc5f-85c5-4fa2-86d5-cf33a9fa257d] INFO  o.e.m.i.launch.MavenLaunchDelegate - Run build in "C:\Users\teliti\AppData\Local\Temp\2\m2e-archetypeGenerator7497000028556637460":
2024-04-23 13:51:55,386 [Worker-11: Launching mavenrun-b8fcbc5f-85c5-4fa2-86d5-cf33a9fa257d] INFO  o.e.m.i.launch.MavenLaunchDelegate -  mvn  -DarchetypeGroupId=org.apache.maven.archetypes -DarchetypeArtifactId=maven-archetype-quickstart -DarchetypeVersion=1.1 -DgroupId=it.inventory -DartifactId=menager -Dversion=0.0.1-SNAPSHOT -Dpackage=it.inventory.menager -DoutputDirectory=C:\Users\teliti\Desktop\inventaryManager -Dstyle.color=always -U archetype:generate
2024-04-23 13:53:05,126 [Worker-12: Creating maven-archetype-quickstart] INFO  o.e.m.c.i.p.ProjectConfigurationManager - Collecting project info '/pom.xml' C:\Users\teliti\Desktop\inventaryManager\menager\pom.xml
2024-04-23 13:53:05,372 [Worker-12: Creating maven-archetype-quickstart] INFO  o.e.m.c.i.e.AbstractTransferListenerAdapter - Downloading https://repo.maven.apache.org/maven2/org/apache/maven/plugins/maven-surefire-plugin/3.2.2/maven-surefire-plugin-3.2.2.jar
2024-04-23 13:53:05,382 [Worker-12: Creating maven-archetype-quickstart] INFO  o.e.m.c.i.e.AbstractTransferListenerAdapter - Downloaded https://repo.maven.apache.org/maven2/org/apache/maven/plugins/maven-surefire-plugin/3.2.2/maven-surefire-plugin-3.2.2.jar
2024-04-23 13:53:05,707 [Worker-12: Creating maven-archetype-quickstart] INFO  o.e.m.c.i.l.LifecycleMappingFactory - Using org.eclipse.m2e.jdt.JarLifecycleMapping lifecycle mapping for MavenProject: it.inventory:menager:0.0.1-SNAPSHOT @ C:\Users\teliti\Desktop\inventaryManager\menager\pom.xml.
2024-04-23 13:53:05,719 [Worker-12: Creating maven-archetype-quickstart] INFO  o.e.m.c.i.e.AbstractTransferListenerAdapter - Downloading https://repo.maven.apache.org/maven2/junit/junit/3.8.1/junit-3.8.1.jar
2024-04-23 13:53:05,727 [Worker-12: Creating maven-archetype-quickstart] INFO  o.e.m.c.i.e.AbstractTransferListenerAdapter - Downloaded https://repo.maven.apache.org/maven2/junit/junit/3.8.1/junit-3.8.1.jar
2024-04-23 13:53:05,834 [Worker-12: Creating maven-archetype-quickstart] INFO  o.e.m.c.i.e.AbstractTransferListenerAdapter - Downloading https://repo.maven.apache.org/maven2/org/apache/maven/plugins/maven-surefire-plugin/3.2.2/maven-surefire-plugin-3.2.2.pom
2024-04-23 13:53:05,838 [Worker-12: Creating maven-archetype-quickstart] INFO  o.e.m.c.i.e.AbstractTransferListenerAdapter - Downloaded https://repo.maven.apache.org/maven2/org/apache/maven/plugins/maven-surefire-plugin/3.2.2/maven-surefire-plugin-3.2.2.pom
2024-04-23 13:53:05,848 [Worker-12: Creating maven-archetype-quickstart] INFO  o.e.m.c.i.e.AbstractTransferListenerAdapter - Downloading https://repo.maven.apache.org/maven2/org/apache/maven/surefire/surefire/3.2.2/surefire-3.2.2.pom
2024-04-23 13:53:05,853 [Worker-12: Creating maven-archetype-quickstart] INFO  o.e.m.c.i.e.AbstractTransferListenerAdapter - Downloaded https://repo.maven.apache.org/maven2/org/apache/maven/surefire/surefire/3.2.2/surefire-3.2.2.pom
2024-04-23 13:53:06,386 [Worker-12: Creating maven-archetype-quickstart] INFO  o.e.m.j.i.AbstractJavaProjectConfigurator - Adding source folder /menager/src/main/java
2024-04-23 13:53:06,388 [Worker-12: Creating maven-archetype-quickstart] INFO  o.e.m.j.i.AbstractJavaProjectConfigurator - Adding resource folder /menager/src/main/resources
2024-04-23 13:53:06,391 [Worker-12: Creating maven-archetype-quickstart] INFO  o.e.m.j.i.AbstractJavaProjectConfigurator - Adding source folder /menager/src/test/java
2024-04-23 13:53:06,392 [Worker-12: Creating maven-archetype-quickstart] INFO  o.e.m.j.i.AbstractJavaProjectConfigurator - Adding resource folder /menager/src/test/resources
2024-04-23 13:53:06,498 [Worker-12: Creating maven-archetype-quickstart] INFO  o.e.m.c.i.p.ProjectConfigurationManager - Imported and configured 1 project(s) in 1 sec
2024-04-23 13:53:06,874 [Worker-12: Building] INFO  o.a.m.s.f.DefaultMavenResourcesFiltering - skip non existing resourceDirectory C:\Users\teliti\Desktop\inventaryManager\menager\src\main\resources
2024-04-23 13:53:06,879 [Worker-12: Building] INFO  o.a.m.s.f.DefaultMavenResourcesFiltering - skip non existing resourceDirectory C:\Users\teliti\Desktop\inventaryManager\menager\src\test\resources
2024-04-23 13:53:07,232 [Worker-15: Download sources and javadoc] INFO  o.e.m.c.i.e.AbstractTransferListenerAdapter - Downloading https://repo.maven.apache.org/maven2/junit/junit/3.8.1/junit-3.8.1-sources.jar
2024-04-23 13:53:07,239 [Worker-15: Download sources and javadoc] INFO  o.e.m.c.i.e.AbstractTransferListenerAdapter - Downloaded https://repo.maven.apache.org/maven2/junit/junit/3.8.1/junit-3.8.1-sources.jar
2024-04-23 13:53:07,242 [Worker-15: Download sources and javadoc] INFO  o.e.m.j.internal.DownloadSourcesJob - Downloaded sources for junit:junit:3.8.1
2024-04-23 13:53:37,465 [Worker-15: Building] INFO  o.a.m.s.f.DefaultMavenResourcesFiltering - skip non existing resourceDirectory C:\Users\teliti\Desktop\inventaryManager\menager\src\main\resources
2024-04-23 13:53:37,467 [Worker-15: Building] INFO  o.a.m.s.f.DefaultMavenResourcesFiltering - skip non existing resourceDirectory C:\Users\teliti\Desktop\inventaryManager\menager\src\test\resources
